<?xml version="1.0" encoding="UTF-8" standalone="no"?>
<testsuite errors="0" failures="1" name="io.cucumber.core.plugin.JUnitFormatter" skipped="0" tests="2" time="0.268">
    <testcase classname="Feature to test google search functionality" name="Validate Google Search is working" time="0.061">
        <failure message="The scenario has pending or undefined step(s)" type="io.cucumber.java.PendingException"><![CDATA[Given browser is open.......................................................pending
And user is on google search page...........................................skipped
When user enters a text in search box.......................................skipped
And hits enter..............................................................skipped
Then user is navigated to search results....................................skipped
]]></failure>
    </testcase>
    <testcase classname="Feature to test login functionality" name="Check login is successful with valid credentials" time="0.006">
        <system-out><![CDATA[Given user is on login page.................................................passed
When user enters username and passowrd......................................passed
And clicks on login button..................................................passed
Then user is navigated to the home page.....................................passed
]]></system-out>
    </testcase>
</testsuite>
